<?xml version="1.0" encoding="UTF-8"?>
<testng-results ignored="0" total="1" passed="1" failed="0" skipped="0">
  <reporter-output>
  </reporter-output>
  <suite started-at="2024-03-08T16:42:57 IST" name="Default suite" finished-at="2024-03-08T16:43:07 IST" duration-ms="10379">
    <groups>
    </groups>
    <test started-at="2024-03-08T16:42:57 IST" name="Default test" finished-at="2024-03-08T16:43:07 IST" duration-ms="10379">
      <class name="com.util.scenario.DriverMainScenario">
        <test-method is-config="true" signature="OpenApplication()[pri:0, instance:com.util.scenario.DriverMainScenario@235ecd9f]" started-at="2024-03-08T16:42:57 IST" name="OpenApplication" finished-at="2024-03-08T16:43:02 IST" duration-ms="5467" status="PASS">
          <reporter-output>
          </reporter-output>
        </test-method> <!-- OpenApplication -->
        <test-method signature="TestStart()[pri:0, instance:com.util.scenario.DriverMainScenario@235ecd9f]" started-at="2024-03-08T16:43:02 IST" name="TestStart" finished-at="2024-03-08T16:43:07 IST" duration-ms="4849" status="PASS">
          <reporter-output>
          </reporter-output>
        </test-method> <!-- TestStart -->
      </class> <!-- com.util.scenario.DriverMainScenario -->
    </test> <!-- Default test -->
  </suite> <!-- Default suite -->
</testng-results>
